<?xml version="1.0" encoding="UTF-8"?>
<testsuite name="br.com.fiap.techchallenge.lanchonete.api.ClienteControllerTest" tests="10" skipped="0" failures="0" errors="0" timestamp="2024-11-09T17:28:55" hostname="gustavo-ubuntu" time="0.191">
  <properties/>
  <testcase name="deveRetornarUmaExceptionAoTentarDeletarCliente()" classname="br.com.fiap.techchallenge.lanchonete.api.ClienteControllerTest" time="0.057"/>
  <testcase name="listarClientesTest()" classname="br.com.fiap.techchallenge.lanchonete.api.ClienteControllerTest" time="0.033"/>
  <testcase name="deletarClienteTest()" classname="br.com.fiap.techchallenge.lanchonete.api.ClienteControllerTest" time="0.008"/>
  <testcase name="criarClienteTest()" classname="br.com.fiap.techchallenge.lanchonete.api.ClienteControllerTest" time="0.013"/>
  <testcase name="buscarClientePorCpfTest()" classname="br.com.fiap.techchallenge.lanchonete.api.ClienteControllerTest" time="0.01"/>
  <testcase name="deveRetornarUmaExceptionAoTentarAtualizarCliente()" classname="br.com.fiap.techchallenge.lanchonete.api.ClienteControllerTest" time="0.007"/>
  <testcase name="atualizarClienteTest()" classname="br.com.fiap.techchallenge.lanchonete.api.ClienteControllerTest" time="0.007"/>
  <testcase name="deveRetornarUmaExceptionQuandoTentarBuscarClientePorCPF()" classname="br.com.fiap.techchallenge.lanchonete.api.ClienteControllerTest" time="0.006"/>
  <testcase name="deveRetornarUmaExceptionQuandoTentarCriarUmCliente()" classname="br.com.fiap.techchallenge.lanchonete.api.ClienteControllerTest" time="0.005"/>
  <testcase name="deveRetornarExceptionQuandoTentarListarClientes()" classname="br.com.fiap.techchallenge.lanchonete.api.ClienteControllerTest" time="0.004"/>
  <system-out><![CDATA[2024-11-09T14:28:54.877-03:00  INFO 37295 --- [lanchonete] [    Test worker] t.c.s.AnnotationConfigContextLoaderUtils : Could not detect default configuration classes for test class [br.com.fiap.techchallenge.lanchonete.api.ClienteControllerTest]: ClienteControllerTest does not declare any static, non-private, non-final, nested classes annotated with @Configuration.
2024-11-09T14:28:54.884-03:00  INFO 37295 --- [lanchonete] [    Test worker] .b.t.c.SpringBootTestContextBootstrapper : Found @SpringBootConfiguration br.com.fiap.techchallenge.lanchonete.LanchoneteApplication for test class br.com.fiap.techchallenge.lanchonete.api.ClienteControllerTest
]]></system-out>
  <system-err><![CDATA[]]></system-err>
</testsuite>
