<?xml version="1.0" encoding="UTF-8"?>
<testsuite name="br.com.fiap.techchallenge.lanchonete.gateways.ClienteGatewayImplTest" tests="14" skipped="0" failures="0" errors="0" timestamp="2024-10-26T18:31:04" hostname="gustavo-ubuntu" time="0.197">
  <properties/>
  <testcase name="deveBuscarClientePorCpf()" classname="br.com.fiap.techchallenge.lanchonete.gateways.ClienteGatewayImplTest" time="0.033"/>
  <testcase name="deveDeletarUmCliente()" classname="br.com.fiap.techchallenge.lanchonete.gateways.ClienteGatewayImplTest" time="0.007"/>
  <testcase name="deveRetornarExceptionAoTentarSalvarUmClienteNoBancoDeDados()" classname="br.com.fiap.techchallenge.lanchonete.gateways.ClienteGatewayImplTest" time="0.009"/>
  <testcase name="deveRetornarExceptionAoTentarDeletarUmClienteDoBancoDeDados()" classname="br.com.fiap.techchallenge.lanchonete.gateways.ClienteGatewayImplTest" time="0.008"/>
  <testcase name="deveRetornarEntityNotFoundExceptionQuandoNaoEncontrarClienteComCpfInformado()" classname="br.com.fiap.techchallenge.lanchonete.gateways.ClienteGatewayImplTest" time="0.008"/>
  <testcase name="deveRetornarExceptionAoTentarBuscarListaClientes()" classname="br.com.fiap.techchallenge.lanchonete.gateways.ClienteGatewayImplTest" time="0.007"/>
  <testcase name="deveRetornarEntityNotFoundExceptionAoBuscarClientePorCpfComOptional()" classname="br.com.fiap.techchallenge.lanchonete.gateways.ClienteGatewayImplTest" time="0.008"/>
  <testcase name="deveSalvarClienteBancoDados()" classname="br.com.fiap.techchallenge.lanchonete.gateways.ClienteGatewayImplTest" time="0.012"/>
  <testcase name="deveRetornarUmaListaDeClientes()" classname="br.com.fiap.techchallenge.lanchonete.gateways.ClienteGatewayImplTest" time="0.01"/>
  <testcase name="deveRetornarEntityNotFoundExceptionAoTentarAlterarClienteBancoDados()" classname="br.com.fiap.techchallenge.lanchonete.gateways.ClienteGatewayImplTest" time="0.008"/>
  <testcase name="deveRetornarExceptionAoTentarBuscarClienteComCpf()" classname="br.com.fiap.techchallenge.lanchonete.gateways.ClienteGatewayImplTest" time="0.009"/>
  <testcase name="deveRetornarExceptionAoTentarAlterarUmClienteNoBancoDeDados()" classname="br.com.fiap.techchallenge.lanchonete.gateways.ClienteGatewayImplTest" time="0.011"/>
  <testcase name="deveRetornarEntityNotFoundExceptionQuandonaoHouverClienteNaLista()" classname="br.com.fiap.techchallenge.lanchonete.gateways.ClienteGatewayImplTest" time="0.009"/>
  <testcase name="deveAlterarClienteBancoDados()" classname="br.com.fiap.techchallenge.lanchonete.gateways.ClienteGatewayImplTest" time="0.013"/>
  <system-out><![CDATA[2024-10-26T15:31:04.082-03:00  INFO 14888 --- [lanchonete] [    Test worker] t.c.s.AnnotationConfigContextLoaderUtils : Could not detect default configuration classes for test class [br.com.fiap.techchallenge.lanchonete.gateways.ClienteGatewayImplTest]: ClienteGatewayImplTest does not declare any static, non-private, non-final, nested classes annotated with @Configuration.
2024-10-26T15:31:04.104-03:00  INFO 14888 --- [lanchonete] [    Test worker] .b.t.c.SpringBootTestContextBootstrapper : Found @SpringBootConfiguration br.com.fiap.techchallenge.lanchonete.LanchoneteApplication for test class br.com.fiap.techchallenge.lanchonete.gateways.ClienteGatewayImplTest
]]></system-out>
  <system-err><![CDATA[]]></system-err>
</testsuite>
