<?xml version="1.0" encoding="UTF-8"?>
<testsuite name="br.com.fiap.techchallenge.lanchonete.api.ClienteControllerTest" tests="10" skipped="0" failures="0" errors="0" timestamp="2024-11-02T17:43:20" hostname="gustavo-ubuntu" time="0.162">
  <properties/>
  <testcase name="deveRetornarUmaExceptionAoTentarDeletarCliente()" classname="br.com.fiap.techchallenge.lanchonete.api.ClienteControllerTest" time="0.048"/>
  <testcase name="listarClientesTest()" classname="br.com.fiap.techchallenge.lanchonete.api.ClienteControllerTest" time="0.024"/>
  <testcase name="deletarClienteTest()" classname="br.com.fiap.techchallenge.lanchonete.api.ClienteControllerTest" time="0.006"/>
  <testcase name="criarClienteTest()" classname="br.com.fiap.techchallenge.lanchonete.api.ClienteControllerTest" time="0.007"/>
  <testcase name="buscarClientePorCpfTest()" classname="br.com.fiap.techchallenge.lanchonete.api.ClienteControllerTest" time="0.007"/>
  <testcase name="deveRetornarUmaExceptionAoTentarAtualizarCliente()" classname="br.com.fiap.techchallenge.lanchonete.api.ClienteControllerTest" time="0.007"/>
  <testcase name="atualizarClienteTest()" classname="br.com.fiap.techchallenge.lanchonete.api.ClienteControllerTest" time="0.006"/>
  <testcase name="deveRetornarUmaExceptionQuandoTentarBuscarClientePorCPF()" classname="br.com.fiap.techchallenge.lanchonete.api.ClienteControllerTest" time="0.006"/>
  <testcase name="deveRetornarUmaExceptionQuandoTentarCriarUmCliente()" classname="br.com.fiap.techchallenge.lanchonete.api.ClienteControllerTest" time="0.006"/>
  <testcase name="deveRetornarExceptionQuandoTentarListarClientes()" classname="br.com.fiap.techchallenge.lanchonete.api.ClienteControllerTest" time="0.005"/>
  <system-out><![CDATA[2024-11-02T14:43:19.727-03:00  INFO 32591 --- [lanchonete] [    Test worker] t.c.s.AnnotationConfigContextLoaderUtils : Could not detect default configuration classes for test class [br.com.fiap.techchallenge.lanchonete.api.ClienteControllerTest]: ClienteControllerTest does not declare any static, non-private, non-final, nested classes annotated with @Configuration.
2024-11-02T14:43:19.738-03:00  INFO 32591 --- [lanchonete] [    Test worker] .b.t.c.SpringBootTestContextBootstrapper : Found @SpringBootConfiguration br.com.fiap.techchallenge.lanchonete.LanchoneteApplication for test class br.com.fiap.techchallenge.lanchonete.api.ClienteControllerTest
]]></system-out>
  <system-err><![CDATA[]]></system-err>
</testsuite>
