<?xml version="1.0" encoding="UTF-8"?>
<testsuite name="br.com.fiap.techchallenge.lanchonete.adapters.mappers.ClienteMapperTest" tests="6" skipped="0" failures="0" errors="0" timestamp="2024-11-02T17:43:19" hostname="gustavo-ubuntu" time="0.038">
  <properties/>
  <testcase name="deveRetornarNullQuandoClienteForNull()" classname="br.com.fiap.techchallenge.lanchonete.adapters.mappers.ClienteMapperTest" time="0.007"/>
  <testcase name="deveRetornarNullQuandoDtoNull()" classname="br.com.fiap.techchallenge.lanchonete.adapters.mappers.ClienteMapperTest" time="0.004"/>
  <testcase name="deveRetornarNullQuandoClienteEntityNull()" classname="br.com.fiap.techchallenge.lanchonete.adapters.mappers.ClienteMapperTest" time="0.004"/>
  <testcase name="deveRetornarClienteEntity()" classname="br.com.fiap.techchallenge.lanchonete.adapters.mappers.ClienteMapperTest" time="0.008"/>
  <testcase name="deveRetornarObjetoCliente()" classname="br.com.fiap.techchallenge.lanchonete.adapters.mappers.ClienteMapperTest" time="0.005"/>
  <testcase name="deveRetornarClienteApartirDeClienteEntity()" classname="br.com.fiap.techchallenge.lanchonete.adapters.mappers.ClienteMapperTest" time="0.005"/>
  <system-out><![CDATA[2024-11-02T14:43:19.666-03:00  INFO 32591 --- [lanchonete] [    Test worker] t.c.s.AnnotationConfigContextLoaderUtils : Could not detect default configuration classes for test class [br.com.fiap.techchallenge.lanchonete.adapters.mappers.ClienteMapperTest]: ClienteMapperTest does not declare any static, non-private, non-final, nested classes annotated with @Configuration.
2024-11-02T14:43:19.675-03:00  INFO 32591 --- [lanchonete] [    Test worker] .b.t.c.SpringBootTestContextBootstrapper : Found @SpringBootConfiguration br.com.fiap.techchallenge.lanchonete.LanchoneteApplication for test class br.com.fiap.techchallenge.lanchonete.adapters.mappers.ClienteMapperTest
]]></system-out>
  <system-err><![CDATA[]]></system-err>
</testsuite>
