<?xml version="1.0" encoding="UTF-8"?>
<testsuite name="br.com.fiap.techchallenge.lanchonete.gateways.ClienteGatewayImplTest" tests="14" skipped="0" failures="0" errors="0" timestamp="2024-11-09T17:28:55" hostname="gustavo-ubuntu" time="0.143">
  <properties/>
  <testcase name="deveBuscarClientePorCpf()" classname="br.com.fiap.techchallenge.lanchonete.gateways.ClienteGatewayImplTest" time="0.021"/>
  <testcase name="deveDeletarUmCliente()" classname="br.com.fiap.techchallenge.lanchonete.gateways.ClienteGatewayImplTest" time="0.004"/>
  <testcase name="deveRetornarExceptionAoTentarSalvarUmClienteNoBancoDeDados()" classname="br.com.fiap.techchallenge.lanchonete.gateways.ClienteGatewayImplTest" time="0.007"/>
  <testcase name="deveRetornarExceptionAoTentarDeletarUmClienteDoBancoDeDados()" classname="br.com.fiap.techchallenge.lanchonete.gateways.ClienteGatewayImplTest" time="0.006"/>
  <testcase name="deveRetornarExceptionAoTentarBuscarListaClientes()" classname="br.com.fiap.techchallenge.lanchonete.gateways.ClienteGatewayImplTest" time="0.005"/>
  <testcase name="deveRetornarResourceNotFoundExceptionQuandonaoHouverClienteNaLista()" classname="br.com.fiap.techchallenge.lanchonete.gateways.ClienteGatewayImplTest" time="0.007"/>
  <testcase name="deveRetornarResourceNotFoundExceptionQuandoNaoEncontrarClienteComCpfInformado()" classname="br.com.fiap.techchallenge.lanchonete.gateways.ClienteGatewayImplTest" time="0.005"/>
  <testcase name="deveSalvarClienteBancoDados()" classname="br.com.fiap.techchallenge.lanchonete.gateways.ClienteGatewayImplTest" time="0.009"/>
  <testcase name="deveRetornarUmaListaDeClientes()" classname="br.com.fiap.techchallenge.lanchonete.gateways.ClienteGatewayImplTest" time="0.007"/>
  <testcase name="deveRetornarExceptionAoTentarBuscarClienteComCpf()" classname="br.com.fiap.techchallenge.lanchonete.gateways.ClienteGatewayImplTest" time="0.006"/>
  <testcase name="deveRetornarExceptionAoTentarAlterarUmClienteNoBancoDeDados()" classname="br.com.fiap.techchallenge.lanchonete.gateways.ClienteGatewayImplTest" time="0.006"/>
  <testcase name="deveRetornarResourceNotFoundExceptionAoBuscarClientePorCpfComOptional()" classname="br.com.fiap.techchallenge.lanchonete.gateways.ClienteGatewayImplTest" time="0.005"/>
  <testcase name="deveRetornarResourceNotFoundExceptionAoTentarAlterarClienteBancoDados()" classname="br.com.fiap.techchallenge.lanchonete.gateways.ClienteGatewayImplTest" time="0.006"/>
  <testcase name="deveAlterarClienteBancoDados()" classname="br.com.fiap.techchallenge.lanchonete.gateways.ClienteGatewayImplTest" time="0.008"/>
  <system-out><![CDATA[2024-11-09T14:28:55.511-03:00  INFO 37295 --- [lanchonete] [    Test worker] t.c.s.AnnotationConfigContextLoaderUtils : Could not detect default configuration classes for test class [br.com.fiap.techchallenge.lanchonete.gateways.ClienteGatewayImplTest]: ClienteGatewayImplTest does not declare any static, non-private, non-final, nested classes annotated with @Configuration.
2024-11-09T14:28:55.531-03:00  INFO 37295 --- [lanchonete] [    Test worker] .b.t.c.SpringBootTestContextBootstrapper : Found @SpringBootConfiguration br.com.fiap.techchallenge.lanchonete.LanchoneteApplication for test class br.com.fiap.techchallenge.lanchonete.gateways.ClienteGatewayImplTest
]]></system-out>
  <system-err><![CDATA[]]></system-err>
</testsuite>
