<?xml version="1.0" encoding="UTF-8"?>
<testsuite name="br.com.fiap.techchallenge.lanchonete.LanchoneteApplicationTests" tests="1" skipped="0" failures="0" errors="0" timestamp="2024-10-26T18:31:02" hostname="gustavo-ubuntu" time="0.572">
  <properties/>
  <testcase name="fakeTest()" classname="br.com.fiap.techchallenge.lanchonete.LanchoneteApplicationTests" time="0.572"/>
  <system-out><![CDATA[15:30:55.595 [Test worker] INFO org.springframework.test.context.support.AnnotationConfigContextLoaderUtils -- Could not detect default configuration classes for test class [br.com.fiap.techchallenge.lanchonete.LanchoneteApplicationTests]: LanchoneteApplicationTests does not declare any static, non-private, non-final, nested classes annotated with @Configuration.
15:30:55.770 [Test worker] INFO org.springframework.boot.test.context.SpringBootTestContextBootstrapper -- Found @SpringBootConfiguration br.com.fiap.techchallenge.lanchonete.LanchoneteApplication for test class br.com.fiap.techchallenge.lanchonete.LanchoneteApplicationTests

  .   ____          _            __ _ _
 /\\ / ___'_ __ _ _(_)_ __  __ _ \ \ \ \
( ( )\___ | '_ | '_| | '_ \/ _` | \ \ \ \
 \\/  ___)| |_)| | | | | || (_| |  ) ) ) )
  '  |____| .__|_| |_|_| |_\__, | / / / /
 =========|_|==============|___/=/_/_/_/
 :: Spring Boot ::                (v3.2.5)

2024-10-26T15:30:56.521-03:00  INFO 14888 --- [lanchonete] [    Test worker] b.c.f.t.l.LanchoneteApplicationTests     : Starting LanchoneteApplicationTests using Java 17.0.12 with PID 14888 (started by gtbarbosa in /home/gtbarbosa/Projetos/Pós Graduação/api-lanchonete-cliente)
2024-10-26T15:30:56.524-03:00  INFO 14888 --- [lanchonete] [    Test worker] b.c.f.t.l.LanchoneteApplicationTests     : The following 1 profile is active: "test"
2024-10-26T15:30:57.885-03:00  INFO 14888 --- [lanchonete] [    Test worker] .s.d.r.c.RepositoryConfigurationDelegate : Multiple Spring Data modules found, entering strict repository configuration mode
2024-10-26T15:30:57.888-03:00  INFO 14888 --- [lanchonete] [    Test worker] .s.d.r.c.RepositoryConfigurationDelegate : Bootstrapping Spring Data JDBC repositories in DEFAULT mode.
2024-10-26T15:30:57.938-03:00  INFO 14888 --- [lanchonete] [    Test worker] .RepositoryConfigurationExtensionSupport : Spring Data JDBC - Could not safely identify store assignment for repository candidate interface br.com.fiap.techchallenge.lanchonete.interfaces.dbconnection.RepositoryCliente; If you want this repository to be a JDBC repository, consider annotating your entities with one of these annotations: org.springframework.data.relational.core.mapping.Table.
2024-10-26T15:30:57.939-03:00  INFO 14888 --- [lanchonete] [    Test worker] .s.d.r.c.RepositoryConfigurationDelegate : Finished Spring Data repository scanning in 43 ms. Found 0 JDBC repository interfaces.
2024-10-26T15:30:57.963-03:00  INFO 14888 --- [lanchonete] [    Test worker] .s.d.r.c.RepositoryConfigurationDelegate : Multiple Spring Data modules found, entering strict repository configuration mode
2024-10-26T15:30:57.966-03:00  INFO 14888 --- [lanchonete] [    Test worker] .s.d.r.c.RepositoryConfigurationDelegate : Bootstrapping Spring Data JPA repositories in DEFAULT mode.
2024-10-26T15:30:58.008-03:00  INFO 14888 --- [lanchonete] [    Test worker] .s.d.r.c.RepositoryConfigurationDelegate : Finished Spring Data repository scanning in 36 ms. Found 1 JPA repository interface.
2024-10-26T15:30:58.649-03:00  INFO 14888 --- [lanchonete] [    Test worker] o.hibernate.jpa.internal.util.LogHelper  : HHH000204: Processing PersistenceUnitInfo [name: default]
2024-10-26T15:30:58.744-03:00  INFO 14888 --- [lanchonete] [    Test worker] org.hibernate.Version                    : HHH000412: Hibernate ORM core version 6.4.4.Final
2024-10-26T15:30:58.799-03:00  INFO 14888 --- [lanchonete] [    Test worker] o.h.c.internal.RegionFactoryInitiator    : HHH000026: Second-level cache disabled
2024-10-26T15:30:59.166-03:00  INFO 14888 --- [lanchonete] [    Test worker] o.s.o.j.p.SpringPersistenceUnitInfo      : No LoadTimeWeaver setup: ignoring JPA class transformer
2024-10-26T15:30:59.217-03:00  INFO 14888 --- [lanchonete] [    Test worker] com.zaxxer.hikari.HikariDataSource       : HikariPool-1 - Starting...
2024-10-26T15:30:59.668-03:00  INFO 14888 --- [lanchonete] [    Test worker] com.zaxxer.hikari.pool.HikariPool        : HikariPool-1 - Added connection conn0: url=jdbc:h2:mem:testdb user=SA
2024-10-26T15:30:59.670-03:00  INFO 14888 --- [lanchonete] [    Test worker] com.zaxxer.hikari.HikariDataSource       : HikariPool-1 - Start completed.
2024-10-26T15:31:01.118-03:00  INFO 14888 --- [lanchonete] [    Test worker] o.h.e.t.j.p.i.JtaPlatformInitiator       : HHH000489: No JTA platform available (set 'hibernate.transaction.jta.platform' to enable JTA platform integration)
Hibernate: drop table if exists clientes cascade 
Hibernate: drop sequence if exists clientes_seq
Hibernate: create sequence clientes_seq start with 1 increment by 50
Hibernate: create table clientes (id integer not null, cpf varchar(255) not null, email varchar(255) not null, nome varchar(255) not null, primary key (id), unique (cpf))
2024-10-26T15:31:01.174-03:00  INFO 14888 --- [lanchonete] [    Test worker] j.LocalContainerEntityManagerFactoryBean : Initialized JPA EntityManagerFactory for persistence unit 'default'
2024-10-26T15:31:01.637-03:00 ERROR 14888 --- [lanchonete] [    Test worker] o.a.catalina.core.AprLifecycleListener   : An incompatible version [1.2.23] of the Apache Tomcat Native library is installed, while Tomcat requires version [1.2.34]
2024-10-26T15:31:01.946-03:00  WARN 14888 --- [lanchonete] [    Test worker] JpaBaseConfiguration$JpaWebConfiguration : spring.jpa.open-in-view is enabled by default. Therefore, database queries may be performed during view rendering. Explicitly configure spring.jpa.open-in-view to disable this warning
2024-10-26T15:31:02.680-03:00  INFO 14888 --- [lanchonete] [    Test worker] b.c.f.t.l.LanchoneteApplicationTests     : Started LanchoneteApplicationTests in 6.65 seconds (process running for 8.404)
]]></system-out>
  <system-err><![CDATA[]]></system-err>
</testsuite>
